<?xml version="1.0" encoding="UTF-8"?>
<testsuites name="CURA_Testsuite_02" time="62.615" tests="2" failures="0" errors="0">
   <testsuite name="CURA_Testsuite_02" tests="2" failures="0" errors="0" time="62.615" skipped="0" timestamp="03-02-2024T18:04:26" hostname="PRAVEEN - DESKTOP-EH59TE7" id="Test Suites/CURA_Testsuite_02">
      <properties>
         <property name="deviceName" value=""/>
         <property name="devicePlatform" value=""/>
         <property name="logFolder" value="C:\\Users\\PRAVEEN\\git\\KatalonGitTest1\\Reports\\20240203_180405\\CURA_Testsuite_02\\20240203_180408"/>
         <property name="logFiles" value="C:\\Users\\PRAVEEN\\git\\KatalonGitTest1\\Reports\\20240203_180405\\CURA_Testsuite_02\\20240203_180408\\execution0.log"/>
         <property name="attachments" value=""/>
         <property name="hostName" value="PRAVEEN - DESKTOP-EH59TE7"/>
         <property name="os" value="Windows 11 64bit"/>
         <property name="katalonVersion" value="9.1.0.212"/>
         <property name="browser" value="Firefox 122.0"/>
         <property name="hostAddress" value="192.168.79.220"/>
         <property name="sessionId" value="d2f5e8cc-c5af-485b-8f81-2f375e7f8473"/>
         <property name="seleniumVersion" value="3.141.59"/>
         <property name="proxyInformation" value="ProxyInformation { proxyOption=NO_PROXY, proxyServerType=HTTP, username=, password=********, proxyServerAddress=, proxyServerPort=0, executionList=&quot;&quot;, isApplyToDesiredCapabilities=true }"/>
         <property name="platform" value="Windows 11"/>
      </properties>
      <testcase name="Test Cases/Buttons/TC_droupdown validation_001" time="37.451" classname="Test Cases/Buttons/TC_droupdown validation_001" status="PASSED">
         <system-out><![CDATA[03-02-2024T18:04:27 - [TEST_CASE][PASSED] - Test Cases/Buttons/TC_droupdown validation_001: Test Cases/Buttons/TC_droupdown validation_001

03-02-2024T18:04:29 - [TEST_STEP][PASSED] - openBrowser(""): Browser is opened with url: ''

03-02-2024T18:04:30 - [MESSAGE][INFO] - Starting 'Firefox' driver

03-02-2024T18:04:30 - [MESSAGE][INFO] - Action delay is set to 0 milliseconds

03-02-2024T18:04:41 - [MESSAGE][PASSED] - Browser is opened with url: ''

03-02-2024T18:04:42 - [TEST_STEP][PASSED] - navigateToUrl("https://katalon-demo-cura.herokuapp.com/"): Navigate to 'https://katalon-demo-cura.herokuapp.com/' successfully

03-02-2024T18:04:53 - [MESSAGE][PASSED] - Navigate to 'https://katalon-demo-cura.herokuapp.com/' successfully

03-02-2024T18:04:53 - [TEST_STEP][PASSED] - click(findTestObject("Object Repository/Buttons_OR/Page_CURA Healthcare Service/a_Make Appointment")): Object: 'Object Repository/Buttons_OR/Page_CURA Healthcare Service/a_Make Appointment' is clicked on

03-02-2024T18:04:56 - [MESSAGE][PASSED] - Object: 'Object Repository/Buttons_OR/Page_CURA Healthcare Service/a_Make Appointment' is clicked on

03-02-2024T18:04:56 - [TEST_STEP][PASSED] - setText(findTestObject("Object Repository/Buttons_OR/Page_CURA Healthcare Service/input_Username_username"), "John Doe"): Text 'John Doe' is set on object 'Object Repository/Buttons_OR/Page_CURA Healthcare Service/input_Username_username'

03-02-2024T18:04:57 - [MESSAGE][PASSED] - Text 'John Doe' is set on object 'Object Repository/Buttons_OR/Page_CURA Healthcare Service/input_Username_username'

03-02-2024T18:04:57 - [TEST_STEP][PASSED] - setEncryptedText(findTestObject("Object Repository/Buttons_OR/Page_CURA Healthcare Service/input_Password_password"), "g3/DOGG74jC3Flrr3yH+3D/yKbOqqUNM"): Text ****** has been set on object 'Object Repository/Buttons_OR/Page_CURA Healthcare Service/input_Password_password'

03-02-2024T18:04:58 - [MESSAGE][PASSED] - Text ****** has been set on object 'Object Repository/Buttons_OR/Page_CURA Healthcare Service/input_Password_password'

03-02-2024T18:04:58 - [TEST_STEP][PASSED] - click(findTestObject("Object Repository/Buttons_OR/Page_CURA Healthcare Service/button_Login")): Object: 'Object Repository/Buttons_OR/Page_CURA Healthcare Service/button_Login' is clicked on

03-02-2024T18:05:01 - [MESSAGE][PASSED] - Object: 'Object Repository/Buttons_OR/Page_CURA Healthcare Service/button_Login' is clicked on

03-02-2024T18:05:01 - [TEST_STEP][PASSED] - selectOptionByValue(findTestObject("Object Repository/Buttons_OR/Page_CURA Healthcare Service/select_Tokyo CURA Healthcare Center        _5b4107"), "Hongkong CURA Healthcare Center", true): All options with value 'Hongkong CURA Healthcare Center' are selected in object 'Object Repository/Buttons_OR/Page_CURA Healthcare Service/select_Tokyo CURA Healthcare Center        _5b4107'  using regular expression

03-02-2024T18:05:02 - [MESSAGE][PASSED] - All options with value 'Hongkong CURA Healthcare Center' are selected in object 'Object Repository/Buttons_OR/Page_CURA Healthcare Service/select_Tokyo CURA Healthcare Center        _5b4107'  using regular expression

03-02-2024T18:05:02 - [TEST_STEP][PASSED] - click(findTestObject("Object Repository/Buttons_OR/Page_CURA Healthcare Service/div_Visit Date (Required)_input-group-addon")): Object: 'Object Repository/Buttons_OR/Page_CURA Healthcare Service/div_Visit Date (Required)_input-group-addon' is clicked on

03-02-2024T18:05:03 - [MESSAGE][PASSED] - Object: 'Object Repository/Buttons_OR/Page_CURA Healthcare Service/div_Visit Date (Required)_input-group-addon' is clicked on

03-02-2024T18:05:03 - [TEST_STEP][PASSED] - click(findTestObject("Object Repository/Buttons_OR/Page_CURA Healthcare Service/td_3")): Object: 'Object Repository/Buttons_OR/Page_CURA Healthcare Service/td_3' is clicked on

03-02-2024T18:05:03 - [MESSAGE][PASSED] - Object: 'Object Repository/Buttons_OR/Page_CURA Healthcare Service/td_3' is clicked on

03-02-2024T18:05:03 - [TEST_STEP][PASSED] - click(findTestObject("Object Repository/Buttons_OR/Page_CURA Healthcare Service/button_Book Appointment")): Object: 'Object Repository/Buttons_OR/Page_CURA Healthcare Service/button_Book Appointment' is clicked on

03-02-2024T18:05:04 - [MESSAGE][PASSED] - Object: 'Object Repository/Buttons_OR/Page_CURA Healthcare Service/button_Book Appointment' is clicked on]]></system-out>
         <system-err><![CDATA[]]></system-err>
      </testcase>
      <testcase name="Test Cases/Buttons/TC_validate_inputbuttons" time="23.862" classname="Test Cases/Buttons/TC_validate_inputbuttons" status="PASSED">
         <system-out><![CDATA[03-02-2024T18:05:04 - [TEST_CASE][PASSED] - Test Cases/Buttons/TC_validate_inputbuttons: Test Cases/Buttons/TC_validate_inputbuttons

03-02-2024T18:05:05 - [TEST_STEP][PASSED] - openBrowser(""): Browser is opened with url: ''

03-02-2024T18:05:05 - [MESSAGE][WARNING] - A browser is already opened. Closing browser and opening a new one

03-02-2024T18:05:09 - [MESSAGE][INFO] - Starting 'Firefox' driver

03-02-2024T18:05:09 - [MESSAGE][INFO] - Action delay is set to 0 milliseconds

03-02-2024T18:05:15 - [MESSAGE][PASSED] - Browser is opened with url: ''

03-02-2024T18:05:15 - [TEST_STEP][PASSED] - navigateToUrl("https://katalon-demo-cura.herokuapp.com/"): Navigate to 'https://katalon-demo-cura.herokuapp.com/' successfully

03-02-2024T18:05:24 - [MESSAGE][PASSED] - Navigate to 'https://katalon-demo-cura.herokuapp.com/' successfully

03-02-2024T18:05:24 - [TEST_STEP][PASSED] - click(findTestObject("Object Repository/Buttons_OR/cura_validate_inputbuttons_OR/Page_CURA Healthcare Service/a_Make Appointment")): Object: 'Object Repository/Buttons_OR/cura_validate_inputbuttons_OR/Page_CURA Healthcare Service/a_Make Appointment' is clicked on

03-02-2024T18:05:25 - [MESSAGE][PASSED] - Object: 'Object Repository/Buttons_OR/cura_validate_inputbuttons_OR/Page_CURA Healthcare Service/a_Make Appointment' is clicked on

03-02-2024T18:05:25 - [TEST_STEP][PASSED] - setText(findTestObject("Object Repository/Buttons_OR/cura_validate_inputbuttons_OR/Page_CURA Healthcare Service/input_Username_username"), "John Doe"): Text 'John Doe' is set on object 'Object Repository/Buttons_OR/cura_validate_inputbuttons_OR/Page_CURA Healthcare Service/input_Username_username'

03-02-2024T18:05:26 - [MESSAGE][PASSED] - Text 'John Doe' is set on object 'Object Repository/Buttons_OR/cura_validate_inputbuttons_OR/Page_CURA Healthcare Service/input_Username_username'

03-02-2024T18:05:26 - [TEST_STEP][PASSED] - setEncryptedText(findTestObject("Object Repository/Buttons_OR/cura_validate_inputbuttons_OR/Page_CURA Healthcare Service/input_Password_password"), "g3/DOGG74jC3Flrr3yH+3D/yKbOqqUNM"): Text ****** has been set on object 'Object Repository/Buttons_OR/cura_validate_inputbuttons_OR/Page_CURA Healthcare Service/input_Password_password'

03-02-2024T18:05:26 - [MESSAGE][PASSED] - Text ****** has been set on object 'Object Repository/Buttons_OR/cura_validate_inputbuttons_OR/Page_CURA Healthcare Service/input_Password_password'

03-02-2024T18:05:26 - [TEST_STEP][PASSED] - click(findTestObject("Object Repository/Buttons_OR/cura_validate_inputbuttons_OR/Page_CURA Healthcare Service/button_Login")): Object: 'Object Repository/Buttons_OR/cura_validate_inputbuttons_OR/Page_CURA Healthcare Service/button_Login' is clicked on

03-02-2024T18:05:28 - [MESSAGE][PASSED] - Object: 'Object Repository/Buttons_OR/cura_validate_inputbuttons_OR/Page_CURA Healthcare Service/button_Login' is clicked on]]></system-out>
         <system-err><![CDATA[]]></system-err>
      </testcase>
      <system-out><![CDATA[03-02-2024T18:04:26 - [TEST_SUITE][PASSED] - CURA_Testsuite_02: Test Cases/Buttons/TC_validate_inputbuttons]]></system-out>
      <system-err><![CDATA[]]></system-err>
   </testsuite>
</testsuites>
